<?xml version="1.0" encoding="UTF-8"?>
<!-- Generated by org.testng.reporters.JUnitXMLReporter -->
<testsuite ignored="0" hostname="Hope" failures="1" tests="2" name="Test" time="93.397" errors="0" timestamp="2023-02-16T08:17:59 IST">
  <testcase classname="scripts.InvalidLogin" name="testInvalidLogin" time="4.683"/>
  <testcase classname="scripts.ValidLogin" name="testValidLogin" time="61.161">
    <failure type="java.lang.AssertionError" message="expected [true] but found [false]">
      <![CDATA[java.lang.AssertionError: expected [true] but found [false]
at scripts.ValidLogin.testValidLogin(ValidLogin.java:30)
at java.base/java.util.ArrayList.forEach(ArrayList.java:1511)
... Removed 32 stack frames]]>
    </failure>
  </testcase> <!-- testValidLogin -->
</testsuite> <!-- Test -->
