<?xml version="1.0" encoding="UTF-8"?>
<testng-results ignored="0" total="1" passed="1" failed="0" skipped="0">
  <reporter-output>
    <line>
      <![CDATA[Open the browser:chrome]]>
    </line>
    <line>
      <![CDATA[Enter the URL:https://demo.actitime.com]]>
    </line>
    <line>
      <![CDATA[Maximize the browser]]>
    </line>
    <line>
      <![CDATA[Set the TimeOut:5]]>
    </line>
    <line>
      <![CDATA[HomePage is displayed]]>
    </line>
    <line>
      <![CDATA[Close the browser]]>
    </line>
  </reporter-output>
  <suite started-at="2023-02-16T19:11:02 IST" name="Default suite" finished-at="2023-02-16T19:11:19 IST" duration-ms="17265">
    <groups>
    </groups>
    <test started-at="2023-02-16T19:11:02 IST" name="Default test" finished-at="2023-02-16T19:11:19 IST" duration-ms="17265">
      <class name="scripts.ValidLogin">
        <test-method is-config="true" signature="openApp(java.lang.String,java.lang.String,java.lang.String)[pri:0, instance:scripts.ValidLogin@36bc55de]" started-at="2023-02-16T19:11:02 IST" name="openApp" finished-at="2023-02-16T19:11:12 IST" duration-ms="9513" status="PASS">
          <params>
            <param index="0">
              <value>
                <![CDATA[chrome]]>
              </value>
            </param>
            <param index="1">
              <value>
                <![CDATA[https://demo.actitime.com]]>
              </value>
            </param>
            <param index="2">
              <value>
                <![CDATA[5]]>
              </value>
            </param>
          </params>
          <reporter-output>
            <line>
              <![CDATA[Open the browser:chrome]]>
            </line>
            <line>
              <![CDATA[Enter the URL:https://demo.actitime.com]]>
            </line>
            <line>
              <![CDATA[Maximize the browser]]>
            </line>
            <line>
              <![CDATA[Set the TimeOut:5]]>
            </line>
          </reporter-output>
        </test-method> <!-- openApp -->
        <test-method signature="testValidLogin()[pri:1, instance:scripts.ValidLogin@36bc55de]" started-at="2023-02-16T19:11:12 IST" name="testValidLogin" finished-at="2023-02-16T19:11:19 IST" duration-ms="7097" status="PASS">
          <reporter-output>
            <line>
              <![CDATA[HomePage is displayed]]>
            </line>
          </reporter-output>
        </test-method> <!-- testValidLogin -->
        <test-method is-config="true" signature="closeApp()[pri:0, instance:scripts.ValidLogin@36bc55de]" started-at="2023-02-16T19:11:19 IST" name="closeApp" finished-at="2023-02-16T19:11:19 IST" duration-ms="593" status="PASS">
          <reporter-output>
            <line>
              <![CDATA[Close the browser]]>
            </line>
          </reporter-output>
        </test-method> <!-- closeApp -->
      </class> <!-- scripts.ValidLogin -->
    </test> <!-- Default test -->
  </suite> <!-- Default suite -->
</testng-results>
